=== REGISTRO DE ERRORES ===
TIPO       LÍNEA COL   MENSAJE
-----------------------------------------------------
SINTÁCTICO 9     1     Error cerca de STRING_T '?'
LÉXICO     12    10    Carácter ilegal '{'
LÉXICO     14    17    Carácter ilegal '*'
LÉXICO     14    20    Carácter ilegal ';'
LÉXICO     17    11    Carácter ilegal ';'
LÉXICO     20    20    Carácter ilegal ';'
LÉXICO     21    1     Carácter ilegal '}'
LÉXICO     24    19    Carácter ilegal ';'
LÉXICO     27    9     Carácter ilegal '('
LÉXICO     27    10    Carácter ilegal ')'
LÉXICO     27    12    Carácter ilegal '{'
LÉXICO     28    15    Carácter ilegal ';'
LÉXICO     31    12    Carácter ilegal '@'
LÉXICO     31    15    Carácter ilegal ';'
LÉXICO     34    9     Carácter ilegal ';'
LÉXICO     37    25    Carácter ilegal ';'
LÉXICO     40    16    Carácter ilegal ';'
LÉXICO     43    9     Carácter ilegal '('
LÉXICO     43    10    Carácter ilegal ')'
LÉXICO     43    12    Carácter ilegal '{'
LÉXICO     45    16    Carácter ilegal ';'
LÉXICO     46    1     Carácter ilegal '}'
LÉXICO     51    9     Carácter ilegal '('
LÉXICO     51    10    Carácter ilegal ')'
LÉXICO     51    12    Carácter ilegal '{'
LÉXICO     52    13    Carácter ilegal '-'
LÉXICO     52    17    Carácter ilegal ';'
LÉXICO     53    13    Carácter ilegal ';'
LÉXICO     54    1     Carácter ilegal '}'
SINTÁCTICO 0     0     Error sintáctico fatal. Compilación abortada
